# JRE version: Java(TM) SE Runtime Environment (8.0_112-b15) (build 1.8.0_112-b15)
# Java VM: Java HotSpot(TM) 64-Bit Server VM (25.112-b15 mixed mode linux-amd64 compressed oops)
Heap:
 PSYoungGen      total 311296K, used 97179K [0x00000000d5580000, 0x00000000ece00000, 0x0000000100000000)
  eden space 264704K, 27% used [0x00000000d5580000,0x00000000d9d7d378,0x00000000e5800000)
  from space 46592K, 50% used [0x00000000e5800000,0x00000000e6ee9ab0,0x00000000e8580000)
  to   space 46592K, 0% used [0x00000000ea080000,0x00000000ea080000,0x00000000ece00000)
 ParOldGen       total 177152K, used 114286K [0x0000000080000000, 0x000000008ad00000, 0x00000000d5580000)
  object space 177152K, 64% used [0x0000000080000000,0x0000000086f9b9b8,0x000000008ad00000)
 Metaspace       used 92666K, capacity 99349K, committed 99840K, reserved 1134592K
  class space    used 12587K, capacity 14750K, committed 14848K, reserved 1048576K
GC Heap History (10 events):
Event: 8.225 GC heap before
{Heap before GC invocations=21 (full 2):
 PSYoungGen      total 289280K, used 272228K [0x00000000d5580000, 0x00000000e9500000, 0x0000000100000000)
  eden space 273408K, 98% used [0x00000000d5580000,0x00000000e5b41f78,0x00000000e6080000)
  from space 15872K, 26% used [0x00000000e6f80000,0x00000000e73972c0,0x00000000e7f00000)
  to   space 15360K, 0% used [0x00000000e6080000,0x00000000e6080000,0x00000000e6f80000)
 ParOldGen       total 61440K, used 36271K [0x0000000080000000, 0x0000000083c00000, 0x00000000d5580000)
  object space 61440K, 59% used [0x0000000080000000,0x000000008236bea8,0x0000000083c00000)
 Metaspace       used 50380K, capacity 54624K, committed 54912K, reserved 1097728K
  class space    used 5758K, capacity 6996K, committed 7040K, reserved 1048576K
Event: 8.229 GC heap after
Heap after GC invocations=21 (full 2):
 PSYoungGen      total 288768K, used 7170K [0x00000000d5580000, 0x00000000e9400000, 0x0000000100000000)
  eden space 273408K, 0% used [0x00000000d5580000,0x00000000d5580000,0x00000000e6080000)
  from space 15360K, 46% used [0x00000000e6080000,0x00000000e6780af0,0x00000000e6f80000)
  to   space 14848K, 0% used [0x00000000e8580000,0x00000000e8580000,0x00000000e9400000)
 ParOldGen       total 61440K, used 36279K [0x0000000080000000, 0x0000000083c00000, 0x00000000d5580000)
  object space 61440K, 59% used [0x0000000080000000,0x000000008236dea8,0x0000000083c00000)
 Metaspace       used 50380K, capacity 54624K, committed 54912K, reserved 1097728K
  class space    used 5758K, capacity 6996K, committed 7040K, reserved 1048576K
}
Event: 8.229 GC heap before
{Heap before GC invocations=22 (full 3):
 PSYoungGen      total 288768K, used 7170K [0x00000000d5580000, 0x00000000e9400000, 0x0000000100000000)
  eden space 273408K, 0% used [0x00000000d5580000,0x00000000d5580000,0x00000000e6080000)
  from space 15360K, 46% used [0x00000000e6080000,0x00000000e6780af0,0x00000000e6f80000)
  to   space 14848K, 0% used [0x00000000e8580000,0x00000000e8580000,0x00000000e9400000)
 ParOldGen       total 61440K, used 36279K [0x0000000080000000, 0x0000000083c00000, 0x00000000d5580000)
  object space 61440K, 59% used [0x0000000080000000,0x000000008236dea8,0x0000000083c00000)
 Metaspace       used 50380K, capacity 54624K, committed 54912K, reserved 1097728K
  class space    used 5758K, capacity 6996K, committed 7040K, reserved 1048576K
Event: 8.309 GC heap after
Heap after GC invocations=22 (full 3):
 PSYoungGen      total 288768K, used 0K [0x00000000d5580000, 0x00000000e9400000, 0x0000000100000000)
  eden space 273408K, 0% used [0x00000000d5580000,0x00000000d5580000,0x00000000e6080000)
  from space 15360K, 0% used [0x00000000e6080000,0x00000000e6080000,0x00000000e6f80000)
  to   space 14848K, 0% used [0x00000000e8580000,0x00000000e8580000,0x00000000e9400000)
 ParOldGen       total 61440K, used 34354K [0x0000000080000000, 0x0000000083c00000, 0x00000000d5580000)
  object space 61440K, 55% used [0x0000000080000000,0x000000008218c9e0,0x0000000083c00000)
 Metaspace       used 50380K, capacity 54624K, committed 54912K, reserved 1097728K
  class space    used 5758K, capacity 6996K, committed 7040K, reserved 1048576K
}
Event: 10.608 GC heap before
{Heap before GC invocations=23 (full 3):
 PSYoungGen      total 288768K, used 273408K [0x00000000d5580000, 0x00000000e9400000, 0x0000000100000000)
  eden space 273408K, 100% used [0x00000000d5580000,0x00000000e6080000,0x00000000e6080000)
  from space 15360K, 0% used [0x00000000e6080000,0x00000000e6080000,0x00000000e6f80000)
  to   space 14848K, 0% used [0x00000000e8580000,0x00000000e8580000,0x00000000e9400000)
 ParOldGen       total 61440K, used 34354K [0x0000000080000000, 0x0000000083c00000, 0x00000000d5580000)
  object space 61440K, 55% used [0x0000000080000000,0x000000008218c9e0,0x0000000083c00000)
 Metaspace       used 82851K, capacity 89643K, committed 90112K, reserved 1126400K
  class space    used 11162K, capacity 13219K, committed 13312K, reserved 1048576K
Event: 10.648 GC heap after
Heap after GC invocations=23 (full 3):
 PSYoungGen      total 279552K, used 14818K [0x00000000d5580000, 0x00000000ee400000, 0x0000000100000000)
  eden space 264704K, 0% used [0x00000000d5580000,0x00000000d5580000,0x00000000e5800000)
  from space 14848K, 99% used [0x00000000e8580000,0x00000000e93f88d0,0x00000000e9400000)
  to   space 46592K, 0% used [0x00000000e5800000,0x00000000e5800000,0x00000000e8580000)
 ParOldGen       total 114688K, used 114275K [0x0000000080000000, 0x0000000087000000, 0x00000000d5580000)
  object space 114688K, 99% used [0x0000000080000000,0x0000000086f98fc8,0x0000000087000000)
 Metaspace       used 82851K, capacity 89643K, committed 90112K, reserved 1126400K
  class space    used 11162K, capacity 13219K, committed 13312K, reserved 1048576K
}
Event: 10.648 GC heap before
{Heap before GC invocations=24 (full 4):
 PSYoungGen      total 279552K, used 14818K [0x00000000d5580000, 0x00000000ee400000, 0x0000000100000000)
  eden space 264704K, 0% used [0x00000000d5580000,0x00000000d5580000,0x00000000e5800000)
  from space 14848K, 99% used [0x00000000e8580000,0x00000000e93f88d0,0x00000000e9400000)
  to   space 46592K, 0% used [0x00000000e5800000,0x00000000e5800000,0x00000000e8580000)
 ParOldGen       total 114688K, used 114275K [0x0000000080000000, 0x0000000087000000, 0x00000000d5580000)
  object space 114688K, 99% used [0x0000000080000000,0x0000000086f98fc8,0x0000000087000000)
 Metaspace       used 82851K, capacity 89643K, committed 90112K, reserved 1126400K
  class space    used 11162K, capacity 13219K, committed 13312K, reserved 1048576K
Event: 10.811 GC heap after
Heap after GC invocations=24 (full 4):
 PSYoungGen      total 279552K, used 9624K [0x00000000d5580000, 0x00000000ee400000, 0x0000000100000000)
  eden space 264704K, 0% used [0x00000000d5580000,0x00000000d5580000,0x00000000e5800000)
  from space 14848K, 64% used [0x00000000e8580000,0x00000000e8ee6388,0x00000000e9400000)
  to   space 46592K, 0% used [0x00000000e5800000,0x00000000e5800000,0x00000000e8580000)
 ParOldGen       total 177152K, used 114278K [0x0000000080000000, 0x000000008ad00000, 0x00000000d5580000)
  object space 177152K, 64% used [0x0000000080000000,0x0000000086f999b8,0x000000008ad00000)
 Metaspace       used 82851K, capacity 89643K, committed 90112K, reserved 1126400K
  class space    used 11162K, capacity 13219K, committed 13312K, reserved 1048576K
}
Event: 12.639 GC heap before
{Heap before GC invocations=25 (full 4):
 PSYoungGen      total 279552K, used 274328K [0x00000000d5580000, 0x00000000ee400000, 0x0000000100000000)
  eden space 264704K, 100% used [0x00000000d5580000,0x00000000e5800000,0x00000000e5800000)
  from space 14848K, 64% used [0x00000000e8580000,0x00000000e8ee6388,0x00000000e9400000)
  to   space 46592K, 0% used [0x00000000e5800000,0x00000000e5800000,0x00000000e8580000)
 ParOldGen       total 177152K, used 114278K [0x0000000080000000, 0x000000008ad00000, 0x00000000d5580000)
  object space 177152K, 64% used [0x0000000080000000,0x0000000086f999b8,0x000000008ad00000)
 Metaspace       used 89589K, capacity 96339K, committed 96768K, reserved 1132544K
  class space    used 12119K, capacity 14293K, committed 14336K, reserved 1048576K
Event: 12.656 GC heap after
Heap after GC invocations=25 (full 4):
 PSYoungGen      total 311296K, used 23462K [0x00000000d5580000, 0x00000000ece00000, 0x0000000100000000)
  eden space 264704K, 0% used [0x00000000d5580000,0x00000000d5580000,0x00000000e5800000)
  from space 46592K, 50% used [0x00000000e5800000,0x00000000e6ee9ab0,0x00000000e8580000)
  to   space 46592K, 0% used [0x00000000ea080000,0x00000000ea080000,0x00000000ece00000)
 ParOldGen       total 177152K, used 114286K [0x0000000080000000, 0x000000008ad00000, 0x00000000d5580000)
  object space 177152K, 64% used [0x0000000080000000,0x0000000086f9b9b8,0x000000008ad00000)
 Metaspace       used 89589K, capacity 96339K, committed 96768K, reserved 1132544K
  class space    used 12119K, capacity 14293K, committed 14336K, reserved 1048576K
}

