# JRE version: Java(TM) SE Runtime Environment (8.0_112-b15) (build 1.8.0_112-b15)
# Java VM: Java HotSpot(TM) 64-Bit Server VM (25.112-b15 mixed mode linux-amd64 compressed oops)
Heap:
 PSYoungGen      total 256000K, used 200929K [0x00000000d5580000, 0x00000000ea980000, 0x0000000100000000)
  eden space 221184K, 75% used [0x00000000d5580000,0x00000000df7b9828,0x00000000e2d80000)
  from space 34816K, 99% used [0x00000000e2d80000,0x00000000e4f7ef00,0x00000000e4f80000)
  to   space 50688K, 0% used [0x00000000e7800000,0x00000000e7800000,0x00000000ea980000)
 ParOldGen       total 134144K, used 101132K [0x0000000080000000, 0x0000000088300000, 0x00000000d5580000)
  object space 134144K, 75% used [0x0000000080000000,0x00000000862c3280,0x0000000088300000)
 Metaspace       used 92665K, capacity 99345K, committed 99800K, reserved 1134592K
  class space    used 12587K, capacity 14750K, committed 14808K, reserved 1048576K
GC Heap History (10 events):
Event: 8.014 GC heap before
{Heap before GC invocations=21 (full 2):
 PSYoungGen      total 240640K, used 201500K [0x00000000d5580000, 0x00000000e6100000, 0x0000000100000000)
  eden space 222208K, 88% used [0x00000000d5580000,0x00000000e159e2f8,0x00000000e2e80000)
  from space 18432K, 25% used [0x00000000e3f80000,0x00000000e4428d08,0x00000000e5180000)
  to   space 17408K, 0% used [0x00000000e2e80000,0x00000000e2e80000,0x00000000e3f80000)
 ParOldGen       total 71680K, used 35746K [0x0000000080000000, 0x0000000084600000, 0x00000000d5580000)
  object space 71680K, 49% used [0x0000000080000000,0x00000000822e8928,0x0000000084600000)
 Metaspace       used 50389K, capacity 54748K, committed 54872K, reserved 1097728K
  class space    used 5767K, capacity 6996K, committed 7000K, reserved 1048576K
Event: 8.018 GC heap after
Heap after GC invocations=21 (full 2):
 PSYoungGen      total 239616K, used 7746K [0x00000000d5580000, 0x00000000e6000000, 0x0000000100000000)
  eden space 222208K, 0% used [0x00000000d5580000,0x00000000d5580000,0x00000000e2e80000)
  from space 17408K, 44% used [0x00000000e2e80000,0x00000000e3610a10,0x00000000e3f80000)
  to   space 16896K, 0% used [0x00000000e4f80000,0x00000000e4f80000,0x00000000e6000000)
 ParOldGen       total 71680K, used 35754K [0x0000000080000000, 0x0000000084600000, 0x00000000d5580000)
  object space 71680K, 49% used [0x0000000080000000,0x00000000822ea928,0x0000000084600000)
 Metaspace       used 50389K, capacity 54748K, committed 54872K, reserved 1097728K
  class space    used 5767K, capacity 6996K, committed 7000K, reserved 1048576K
}
Event: 8.018 GC heap before
{Heap before GC invocations=22 (full 3):
 PSYoungGen      total 239616K, used 7746K [0x00000000d5580000, 0x00000000e6000000, 0x0000000100000000)
  eden space 222208K, 0% used [0x00000000d5580000,0x00000000d5580000,0x00000000e2e80000)
  from space 17408K, 44% used [0x00000000e2e80000,0x00000000e3610a10,0x00000000e3f80000)
  to   space 16896K, 0% used [0x00000000e4f80000,0x00000000e4f80000,0x00000000e6000000)
 ParOldGen       total 71680K, used 35754K [0x0000000080000000, 0x0000000084600000, 0x00000000d5580000)
  object space 71680K, 49% used [0x0000000080000000,0x00000000822ea928,0x0000000084600000)
 Metaspace       used 50389K, capacity 54748K, committed 54872K, reserved 1097728K
  class space    used 5767K, capacity 6996K, committed 7000K, reserved 1048576K
Event: 8.089 GC heap after
Heap after GC invocations=22 (full 3):
 PSYoungGen      total 239616K, used 0K [0x00000000d5580000, 0x00000000e6000000, 0x0000000100000000)
  eden space 222208K, 0% used [0x00000000d5580000,0x00000000d5580000,0x00000000e2e80000)
  from space 17408K, 0% used [0x00000000e2e80000,0x00000000e2e80000,0x00000000e3f80000)
  to   space 16896K, 0% used [0x00000000e4f80000,0x00000000e4f80000,0x00000000e6000000)
 ParOldGen       total 71680K, used 34741K [0x0000000080000000, 0x0000000084600000, 0x00000000d5580000)
  object space 71680K, 48% used [0x0000000080000000,0x00000000821ed5b0,0x0000000084600000)
 Metaspace       used 50389K, capacity 54748K, committed 54872K, reserved 1097728K
  class space    used 5767K, capacity 6996K, committed 7000K, reserved 1048576K
}
Event: 10.189 GC heap before
{Heap before GC invocations=23 (full 3):
 PSYoungGen      total 239616K, used 222208K [0x00000000d5580000, 0x00000000e6000000, 0x0000000100000000)
  eden space 222208K, 100% used [0x00000000d5580000,0x00000000e2e80000,0x00000000e2e80000)
  from space 17408K, 0% used [0x00000000e2e80000,0x00000000e2e80000,0x00000000e3f80000)
  to   space 16896K, 0% used [0x00000000e4f80000,0x00000000e4f80000,0x00000000e6000000)
 ParOldGen       total 71680K, used 34741K [0x0000000080000000, 0x0000000084600000, 0x00000000d5580000)
  object space 71680K, 48% used [0x0000000080000000,0x00000000821ed5b0,0x0000000084600000)
 Metaspace       used 82834K, capacity 89671K, committed 90072K, reserved 1126400K
  class space    used 11168K, capacity 13251K, committed 13272K, reserved 1048576K
Event: 10.213 GC heap after
Heap after GC invocations=23 (full 3):
 PSYoungGen      total 238080K, used 16873K [0x00000000d5580000, 0x00000000e9080000, 0x0000000100000000)
  eden space 221184K, 0% used [0x00000000d5580000,0x00000000d5580000,0x00000000e2d80000)
  from space 16896K, 99% used [0x00000000e4f80000,0x00000000e5ffa428,0x00000000e6000000)
  to   space 34816K, 0% used [0x00000000e2d80000,0x00000000e2d80000,0x00000000e4f80000)
 ParOldGen       total 75264K, used 75245K [0x0000000080000000, 0x0000000084980000, 0x00000000d5580000)
  object space 75264K, 99% used [0x0000000080000000,0x000000008497b5b0,0x0000000084980000)
 Metaspace       used 82834K, capacity 89671K, committed 90072K, reserved 1126400K
  class space    used 11168K, capacity 13251K, committed 13272K, reserved 1048576K
}
Event: 10.213 GC heap before
{Heap before GC invocations=24 (full 4):
 PSYoungGen      total 238080K, used 16873K [0x00000000d5580000, 0x00000000e9080000, 0x0000000100000000)
  eden space 221184K, 0% used [0x00000000d5580000,0x00000000d5580000,0x00000000e2d80000)
  from space 16896K, 99% used [0x00000000e4f80000,0x00000000e5ffa428,0x00000000e6000000)
  to   space 34816K, 0% used [0x00000000e2d80000,0x00000000e2d80000,0x00000000e4f80000)
 ParOldGen       total 75264K, used 75245K [0x0000000080000000, 0x0000000084980000, 0x00000000d5580000)
  object space 75264K, 99% used [0x0000000080000000,0x000000008497b5b0,0x0000000084980000)
 Metaspace       used 82834K, capacity 89671K, committed 90072K, reserved 1126400K
  class space    used 11168K, capacity 13251K, committed 13272K, reserved 1048576K
Event: 10.347 GC heap after
Heap after GC invocations=24 (full 4):
 PSYoungGen      total 238080K, used 12687K [0x00000000d5580000, 0x00000000e9080000, 0x0000000100000000)
  eden space 221184K, 0% used [0x00000000d5580000,0x00000000d5580000,0x00000000e2d80000)
  from space 16896K, 75% used [0x00000000e4f80000,0x00000000e5be3fa0,0x00000000e6000000)
  to   space 34816K, 0% used [0x00000000e2d80000,0x00000000e2d80000,0x00000000e4f80000)
 ParOldGen       total 134144K, used 75024K [0x0000000080000000, 0x0000000088300000, 0x00000000d5580000)
  object space 134144K, 55% used [0x0000000080000000,0x0000000084944028,0x0000000088300000)
 Metaspace       used 82834K, capacity 89671K, committed 90072K, reserved 1126400K
  class space    used 11168K, capacity 13251K, committed 13272K, reserved 1048576K
}
Event: 11.483 GC heap before
{Heap before GC invocations=25 (full 4):
 PSYoungGen      total 238080K, used 233871K [0x00000000d5580000, 0x00000000e9080000, 0x0000000100000000)
  eden space 221184K, 100% used [0x00000000d5580000,0x00000000e2d80000,0x00000000e2d80000)
  from space 16896K, 75% used [0x00000000e4f80000,0x00000000e5be3fa0,0x00000000e6000000)
  to   space 34816K, 0% used [0x00000000e2d80000,0x00000000e2d80000,0x00000000e4f80000)
 ParOldGen       total 134144K, used 75024K [0x0000000080000000, 0x0000000088300000, 0x00000000d5580000)
  object space 134144K, 55% used [0x0000000080000000,0x0000000084944028,0x0000000088300000)
 Metaspace       used 88803K, capacity 95471K, committed 95832K, reserved 1130496K
  class space    used 12041K, capacity 14157K, committed 14168K, reserved 1048576K
Event: 11.511 GC heap after
Heap after GC invocations=25 (full 4):
 PSYoungGen      total 256000K, used 34811K [0x00000000d5580000, 0x00000000ea980000, 0x0000000100000000)
  eden space 221184K, 0% used [0x00000000d5580000,0x00000000d5580000,0x00000000e2d80000)
  from space 34816K, 99% used [0x00000000e2d80000,0x00000000e4f7ef00,0x00000000e4f80000)
  to   space 50688K, 0% used [0x00000000e7800000,0x00000000e7800000,0x00000000ea980000)
 ParOldGen       total 134144K, used 101132K [0x0000000080000000, 0x0000000088300000, 0x00000000d5580000)
  object space 134144K, 75% used [0x0000000080000000,0x00000000862c3280,0x0000000088300000)
 Metaspace       used 88803K, capacity 95471K, committed 95832K, reserved 1130496K
  class space    used 12041K, capacity 14157K, committed 14168K, reserved 1048576K
}

