# JRE version: Java(TM) SE Runtime Environment (8.0_112-b15) (build 1.8.0_112-b15)
# Java VM: Java HotSpot(TM) 64-Bit Server VM (25.112-b15 mixed mode linux-amd64 compressed oops)
Heap:
 PSYoungGen      total 310784K, used 98982K [0x00000000d5580000, 0x00000000ece00000, 0x0000000100000000)
  eden space 265216K, 27% used [0x00000000d5580000,0x00000000d9d79b88,0x00000000e5880000)
  from space 45568K, 55% used [0x00000000e5880000,0x00000000e712ff28,0x00000000e8500000)
  to   space 46592K, 0% used [0x00000000ea080000,0x00000000ea080000,0x00000000ece00000)
 ParOldGen       total 176128K, used 112112K [0x0000000080000000, 0x000000008ac00000, 0x00000000d5580000)
  object space 176128K, 63% used [0x0000000080000000,0x0000000086d7c258,0x000000008ac00000)
 Metaspace       used 92678K, capacity 99353K, committed 99840K, reserved 1134592K
  class space    used 12596K, capacity 14754K, committed 14848K, reserved 1048576K
GC Heap History (10 events):
Event: 7.699 GC heap before
{Heap before GC invocations=21 (full 2):
 PSYoungGen      total 286208K, used 269192K [0x00000000d5580000, 0x00000000e9480000, 0x0000000100000000)
  eden space 270336K, 98% used [0x00000000d5580000,0x00000000e5841430,0x00000000e5d80000)
  from space 15872K, 26% used [0x00000000e6c80000,0x00000000e70a0cc8,0x00000000e7c00000)
  to   space 15360K, 0% used [0x00000000e5d80000,0x00000000e5d80000,0x00000000e6c80000)
 ParOldGen       total 62976K, used 36314K [0x0000000080000000, 0x0000000083d80000, 0x00000000d5580000)
  object space 62976K, 57% used [0x0000000080000000,0x0000000082376878,0x0000000083d80000)
 Metaspace       used 50393K, capacity 54724K, committed 54912K, reserved 1097728K
  class space    used 5766K, capacity 7032K, committed 7040K, reserved 1048576K
Event: 7.703 GC heap after
Heap after GC invocations=21 (full 2):
 PSYoungGen      total 285696K, used 7137K [0x00000000d5580000, 0x00000000e9380000, 0x0000000100000000)
  eden space 270336K, 0% used [0x00000000d5580000,0x00000000d5580000,0x00000000e5d80000)
  from space 15360K, 46% used [0x00000000e5d80000,0x00000000e6478488,0x00000000e6c80000)
  to   space 14848K, 0% used [0x00000000e8500000,0x00000000e8500000,0x00000000e9380000)
 ParOldGen       total 62976K, used 36322K [0x0000000080000000, 0x0000000083d80000, 0x00000000d5580000)
  object space 62976K, 57% used [0x0000000080000000,0x0000000082378878,0x0000000083d80000)
 Metaspace       used 50393K, capacity 54724K, committed 54912K, reserved 1097728K
  class space    used 5766K, capacity 7032K, committed 7040K, reserved 1048576K
}
Event: 7.703 GC heap before
{Heap before GC invocations=22 (full 3):
 PSYoungGen      total 285696K, used 7137K [0x00000000d5580000, 0x00000000e9380000, 0x0000000100000000)
  eden space 270336K, 0% used [0x00000000d5580000,0x00000000d5580000,0x00000000e5d80000)
  from space 15360K, 46% used [0x00000000e5d80000,0x00000000e6478488,0x00000000e6c80000)
  to   space 14848K, 0% used [0x00000000e8500000,0x00000000e8500000,0x00000000e9380000)
 ParOldGen       total 62976K, used 36322K [0x0000000080000000, 0x0000000083d80000, 0x00000000d5580000)
  object space 62976K, 57% used [0x0000000080000000,0x0000000082378878,0x0000000083d80000)
 Metaspace       used 50393K, capacity 54724K, committed 54912K, reserved 1097728K
  class space    used 5766K, capacity 7032K, committed 7040K, reserved 1048576K
Event: 7.776 GC heap after
Heap after GC invocations=22 (full 3):
 PSYoungGen      total 285696K, used 0K [0x00000000d5580000, 0x00000000e9380000, 0x0000000100000000)
  eden space 270336K, 0% used [0x00000000d5580000,0x00000000d5580000,0x00000000e5d80000)
  from space 15360K, 0% used [0x00000000e5d80000,0x00000000e5d80000,0x00000000e6c80000)
  to   space 14848K, 0% used [0x00000000e8500000,0x00000000e8500000,0x00000000e9380000)
 ParOldGen       total 62976K, used 34350K [0x0000000080000000, 0x0000000083d80000, 0x00000000d5580000)
  object space 62976K, 54% used [0x0000000080000000,0x000000008218b9f8,0x0000000083d80000)
 Metaspace       used 50393K, capacity 54724K, committed 54912K, reserved 1097728K
  class space    used 5766K, capacity 7032K, committed 7040K, reserved 1048576K
}
Event: 9.851 GC heap before
{Heap before GC invocations=23 (full 3):
 PSYoungGen      total 285696K, used 270336K [0x00000000d5580000, 0x00000000e9380000, 0x0000000100000000)
  eden space 270336K, 100% used [0x00000000d5580000,0x00000000e5d80000,0x00000000e5d80000)
  from space 15360K, 0% used [0x00000000e5d80000,0x00000000e5d80000,0x00000000e6c80000)
  to   space 14848K, 0% used [0x00000000e8500000,0x00000000e8500000,0x00000000e9380000)
 ParOldGen       total 62976K, used 34350K [0x0000000080000000, 0x0000000083d80000, 0x00000000d5580000)
  object space 62976K, 54% used [0x0000000080000000,0x000000008218b9f8,0x0000000083d80000)
 Metaspace       used 82855K, capacity 89615K, committed 89856K, reserved 1126400K
  class space    used 11172K, capacity 13255K, committed 13312K, reserved 1048576K
Event: 9.891 GC heap after
Heap after GC invocations=23 (full 3):
 PSYoungGen      total 280064K, used 14842K [0x00000000d5580000, 0x00000000edf00000, 0x0000000100000000)
  eden space 265216K, 0% used [0x00000000d5580000,0x00000000d5580000,0x00000000e5880000)
  from space 14848K, 99% used [0x00000000e8500000,0x00000000e937e990,0x00000000e9380000)
  to   space 45568K, 0% used [0x00000000e5880000,0x00000000e5880000,0x00000000e8500000)
 ParOldGen       total 112128K, used 112044K [0x0000000080000000, 0x0000000086d80000, 0x00000000d5580000)
  object space 112128K, 99% used [0x0000000080000000,0x0000000086d6b2c8,0x0000000086d80000)
 Metaspace       used 82855K, capacity 89615K, committed 89856K, reserved 1126400K
  class space    used 11172K, capacity 13255K, committed 13312K, reserved 1048576K
}
Event: 9.891 GC heap before
{Heap before GC invocations=24 (full 4):
 PSYoungGen      total 280064K, used 14842K [0x00000000d5580000, 0x00000000edf00000, 0x0000000100000000)
  eden space 265216K, 0% used [0x00000000d5580000,0x00000000d5580000,0x00000000e5880000)
  from space 14848K, 99% used [0x00000000e8500000,0x00000000e937e990,0x00000000e9380000)
  to   space 45568K, 0% used [0x00000000e5880000,0x00000000e5880000,0x00000000e8500000)
 ParOldGen       total 112128K, used 112044K [0x0000000080000000, 0x0000000086d80000, 0x00000000d5580000)
  object space 112128K, 99% used [0x0000000080000000,0x0000000086d6b2c8,0x0000000086d80000)
 Metaspace       used 82855K, capacity 89615K, committed 89856K, reserved 1126400K
  class space    used 11172K, capacity 13255K, committed 13312K, reserved 1048576K
Event: 10.049 GC heap after
Heap after GC invocations=24 (full 4):
 PSYoungGen      total 280064K, used 9668K [0x00000000d5580000, 0x00000000edf00000, 0x0000000100000000)
  eden space 265216K, 0% used [0x00000000d5580000,0x00000000d5580000,0x00000000e5880000)
  from space 14848K, 65% used [0x00000000e8500000,0x00000000e8e711c8,0x00000000e9380000)
  to   space 45568K, 0% used [0x00000000e5880000,0x00000000e5880000,0x00000000e8500000)
 ParOldGen       total 176128K, used 112104K [0x0000000080000000, 0x000000008ac00000, 0x00000000d5580000)
  object space 176128K, 63% used [0x0000000080000000,0x0000000086d7a258,0x000000008ac00000)
 Metaspace       used 82855K, capacity 89615K, committed 89856K, reserved 1126400K
  class space    used 11172K, capacity 13255K, committed 13312K, reserved 1048576K
}
Event: 11.792 GC heap before
{Heap before GC invocations=25 (full 4):
 PSYoungGen      total 280064K, used 274884K [0x00000000d5580000, 0x00000000edf00000, 0x0000000100000000)
  eden space 265216K, 100% used [0x00000000d5580000,0x00000000e5880000,0x00000000e5880000)
  from space 14848K, 65% used [0x00000000e8500000,0x00000000e8e711c8,0x00000000e9380000)
  to   space 45568K, 0% used [0x00000000e5880000,0x00000000e5880000,0x00000000e8500000)
 ParOldGen       total 176128K, used 112104K [0x0000000080000000, 0x000000008ac00000, 0x00000000d5580000)
  object space 176128K, 63% used [0x0000000080000000,0x0000000086d7a258,0x000000008ac00000)
 Metaspace       used 89595K, capacity 96311K, committed 96768K, reserved 1132544K
  class space    used 12129K, capacity 14265K, committed 14336K, reserved 1048576K
Event: 11.808 GC heap after
Heap after GC invocations=25 (full 4):
 PSYoungGen      total 310784K, used 25279K [0x00000000d5580000, 0x00000000ece00000, 0x0000000100000000)
  eden space 265216K, 0% used [0x00000000d5580000,0x00000000d5580000,0x00000000e5880000)
  from space 45568K, 55% used [0x00000000e5880000,0x00000000e712ff28,0x00000000e8500000)
  to   space 46592K, 0% used [0x00000000ea080000,0x00000000ea080000,0x00000000ece00000)
 ParOldGen       total 176128K, used 112112K [0x0000000080000000, 0x000000008ac00000, 0x00000000d5580000)
  object space 176128K, 63% used [0x0000000080000000,0x0000000086d7c258,0x000000008ac00000)
 Metaspace       used 89595K, capacity 96311K, committed 96768K, reserved 1132544K
  class space    used 12129K, capacity 14265K, committed 14336K, reserved 1048576K
}

