# JRE version: Java(TM) SE Runtime Environment (8.0_112-b15) (build 1.8.0_112-b15)
# Java VM: Java HotSpot(TM) 64-Bit Server VM (25.112-b15 mixed mode linux-amd64 compressed oops)
Heap:
 PSYoungGen      total 323072K, used 78118K [0x00000000d5580000, 0x00000000ee380000, 0x0000000100000000)
  eden space 311296K, 21% used [0x00000000d5580000,0x00000000d966c320,0x00000000e8580000)
  from space 11776K, 98% used [0x00000000ed800000,0x00000000ee35d8a0,0x00000000ee380000)
  to   space 44032K, 0% used [0x00000000e8d80000,0x00000000e8d80000,0x00000000eb880000)
 ParOldGen       total 177152K, used 125819K [0x0000000080000000, 0x000000008ad00000, 0x00000000d5580000)
  object space 177152K, 71% used [0x0000000080000000,0x0000000087adee20,0x000000008ad00000)
 Metaspace       used 92731K, capacity 99415K, committed 99840K, reserved 1134592K
  class space    used 12599K, capacity 14752K, committed 14848K, reserved 1048576K
GC Heap History (10 events):
Event: 27.194 GC heap before
{Heap before GC invocations=24 (full 2):
 PSYoungGen      total 235520K, used 179458K [0x00000000d5580000, 0x00000000e7f80000, 0x0000000100000000)
  eden space 220672K, 80% used [0x00000000d5580000,0x00000000e0327bb8,0x00000000e2d00000)
  from space 14848K, 11% used [0x00000000e2d00000,0x00000000e2e98d08,0x00000000e3b80000)
  to   space 14848K, 0% used [0x00000000e7100000,0x00000000e7100000,0x00000000e7f80000)
 ParOldGen       total 59904K, used 39104K [0x0000000080000000, 0x0000000083a80000, 0x00000000d5580000)
  object space 59904K, 65% used [0x0000000080000000,0x0000000082630280,0x0000000083a80000)
 Metaspace       used 50397K, capacity 54626K, committed 54912K, reserved 1097728K
  class space    used 5771K, capacity 6998K, committed 7040K, reserved 1048576K
Event: 27.197 GC heap after
Heap after GC invocations=24 (full 2):
 PSYoungGen      total 288256K, used 4002K [0x00000000d5580000, 0x00000000e7d80000, 0x0000000100000000)
  eden space 275456K, 0% used [0x00000000d5580000,0x00000000d5580000,0x00000000e6280000)
  from space 12800K, 31% used [0x00000000e7100000,0x00000000e74e89d0,0x00000000e7d80000)
  to   space 13824K, 0% used [0x00000000e6280000,0x00000000e6280000,0x00000000e7000000)
 ParOldGen       total 59904K, used 39688K [0x0000000080000000, 0x0000000083a80000, 0x00000000d5580000)
  object space 59904K, 66% used [0x0000000080000000,0x00000000826c2280,0x0000000083a80000)
 Metaspace       used 50397K, capacity 54626K, committed 54912K, reserved 1097728K
  class space    used 5771K, capacity 6998K, committed 7040K, reserved 1048576K
}
Event: 27.197 GC heap before
{Heap before GC invocations=25 (full 3):
 PSYoungGen      total 288256K, used 4002K [0x00000000d5580000, 0x00000000e7d80000, 0x0000000100000000)
  eden space 275456K, 0% used [0x00000000d5580000,0x00000000d5580000,0x00000000e6280000)
  from space 12800K, 31% used [0x00000000e7100000,0x00000000e74e89d0,0x00000000e7d80000)
  to   space 13824K, 0% used [0x00000000e6280000,0x00000000e6280000,0x00000000e7000000)
 ParOldGen       total 59904K, used 39688K [0x0000000080000000, 0x0000000083a80000, 0x00000000d5580000)
  object space 59904K, 66% used [0x0000000080000000,0x00000000826c2280,0x0000000083a80000)
 Metaspace       used 50397K, capacity 54626K, committed 54912K, reserved 1097728K
  class space    used 5771K, capacity 6998K, committed 7040K, reserved 1048576K
Event: 27.269 GC heap after
Heap after GC invocations=25 (full 3):
 PSYoungGen      total 288256K, used 0K [0x00000000d5580000, 0x00000000e7d80000, 0x0000000100000000)
  eden space 275456K, 0% used [0x00000000d5580000,0x00000000d5580000,0x00000000e6280000)
  from space 12800K, 0% used [0x00000000e7100000,0x00000000e7100000,0x00000000e7d80000)
  to   space 13824K, 0% used [0x00000000e6280000,0x00000000e6280000,0x00000000e7000000)
 ParOldGen       total 59904K, used 34358K [0x0000000080000000, 0x0000000083a80000, 0x00000000d5580000)
  object space 59904K, 57% used [0x0000000080000000,0x000000008218db58,0x0000000083a80000)
 Metaspace       used 50397K, capacity 54626K, committed 54912K, reserved 1097728K
  class space    used 5771K, capacity 6998K, committed 7040K, reserved 1048576K
}
Event: 30.802 GC heap before
{Heap before GC invocations=26 (full 3):
 PSYoungGen      total 288256K, used 275456K [0x00000000d5580000, 0x00000000e7d80000, 0x0000000100000000)
  eden space 275456K, 100% used [0x00000000d5580000,0x00000000e6280000,0x00000000e6280000)
  from space 12800K, 0% used [0x00000000e7100000,0x00000000e7100000,0x00000000e7d80000)
  to   space 13824K, 0% used [0x00000000e6280000,0x00000000e6280000,0x00000000e7000000)
 ParOldGen       total 59904K, used 34358K [0x0000000080000000, 0x0000000083a80000, 0x00000000d5580000)
  object space 59904K, 57% used [0x0000000080000000,0x000000008218db58,0x0000000083a80000)
 Metaspace       used 83078K, capacity 89897K, committed 90240K, reserved 1126400K
  class space    used 11210K, capacity 13325K, committed 13440K, reserved 1048576K
Event: 30.855 GC heap after
Heap after GC invocations=26 (full 3):
 PSYoungGen      total 289280K, used 13792K [0x00000000d5580000, 0x00000000f0600000, 0x0000000100000000)
  eden space 275456K, 0% used [0x00000000d5580000,0x00000000d5580000,0x00000000e6280000)
  from space 13824K, 99% used [0x00000000e6280000,0x00000000e6ff8040,0x00000000e7000000)
  to   space 47104K, 0% used [0x00000000ed800000,0x00000000ed800000,0x00000000f0600000)
 ParOldGen       total 117760K, used 117401K [0x0000000080000000, 0x0000000087300000, 0x00000000d5580000)
  object space 117760K, 99% used [0x0000000080000000,0x00000000872a66b8,0x0000000087300000)
 Metaspace       used 83078K, capacity 89897K, committed 90240K, reserved 1126400K
  class space    used 11210K, capacity 13325K, committed 13440K, reserved 1048576K
}
Event: 30.855 GC heap before
{Heap before GC invocations=27 (full 4):
 PSYoungGen      total 289280K, used 13792K [0x00000000d5580000, 0x00000000f0600000, 0x0000000100000000)
  eden space 275456K, 0% used [0x00000000d5580000,0x00000000d5580000,0x00000000e6280000)
  from space 13824K, 99% used [0x00000000e6280000,0x00000000e6ff8040,0x00000000e7000000)
  to   space 47104K, 0% used [0x00000000ed800000,0x00000000ed800000,0x00000000f0600000)
 ParOldGen       total 117760K, used 117401K [0x0000000080000000, 0x0000000087300000, 0x00000000d5580000)
  object space 117760K, 99% used [0x0000000080000000,0x00000000872a66b8,0x0000000087300000)
 Metaspace       used 83078K, capacity 89897K, committed 90240K, reserved 1126400K
  class space    used 11210K, capacity 13325K, committed 13440K, reserved 1048576K
Event: 31.058 GC heap after
Heap after GC invocations=27 (full 4):
 PSYoungGen      total 289280K, used 8641K [0x00000000d5580000, 0x00000000f0600000, 0x0000000100000000)
  eden space 275456K, 0% used [0x00000000d5580000,0x00000000d5580000,0x00000000e6280000)
  from space 13824K, 62% used [0x00000000e6280000,0x00000000e6af0500,0x00000000e7000000)
  to   space 47104K, 0% used [0x00000000ed800000,0x00000000ed800000,0x00000000f0600000)
 ParOldGen       total 177152K, used 117423K [0x0000000080000000, 0x000000008ad00000, 0x00000000d5580000)
  object space 177152K, 66% used [0x0000000080000000,0x00000000872abc60,0x000000008ad00000)
 Metaspace       used 83078K, capacity 89897K, committed 90240K, reserved 1126400K
  class space    used 11210K, capacity 13325K, committed 13440K, reserved 1048576K
}
Event: 33.558 GC heap before
{Heap before GC invocations=28 (full 4):
 PSYoungGen      total 289280K, used 284097K [0x00000000d5580000, 0x00000000f0600000, 0x0000000100000000)
  eden space 275456K, 100% used [0x00000000d5580000,0x00000000e6280000,0x00000000e6280000)
  from space 13824K, 62% used [0x00000000e6280000,0x00000000e6af0500,0x00000000e7000000)
  to   space 47104K, 0% used [0x00000000ed800000,0x00000000ed800000,0x00000000f0600000)
 ParOldGen       total 177152K, used 117423K [0x0000000080000000, 0x000000008ad00000, 0x00000000d5580000)
  object space 177152K, 66% used [0x0000000080000000,0x00000000872abc60,0x000000008ad00000)
 Metaspace       used 89658K, capacity 96341K, committed 96768K, reserved 1132544K
  class space    used 12132K, capacity 14295K, committed 14336K, reserved 1048576K
Event: 33.588 GC heap after
Heap after GC invocations=28 (full 4):
 PSYoungGen      total 323072K, used 11638K [0x00000000d5580000, 0x00000000ee380000, 0x0000000100000000)
  eden space 311296K, 0% used [0x00000000d5580000,0x00000000d5580000,0x00000000e8580000)
  from space 11776K, 98% used [0x00000000ed800000,0x00000000ee35d8a0,0x00000000ee380000)
  to   space 44032K, 0% used [0x00000000e8d80000,0x00000000e8d80000,0x00000000eb880000)
 ParOldGen       total 177152K, used 125819K [0x0000000080000000, 0x000000008ad00000, 0x00000000d5580000)
  object space 177152K, 71% used [0x0000000080000000,0x0000000087adee20,0x000000008ad00000)
 Metaspace       used 89658K, capacity 96341K, committed 96768K, reserved 1132544K
  class space    used 12132K, capacity 14295K, committed 14336K, reserved 1048576K
}

